103,-104,-121,-105
303,-56,-103,-94
304,-52,-102,-102
354,-37,-99,-94
519,-1,-76,-105
575,13,-64,-93
600,18,-57,-94
640,23,-52,-102
701,44,-25,-92
763,57,-3,-89
801,58,1,-96
810,59,5,-105
873,61,17,-103
902,60,26,-98
920,60,30,-99
959,59,33,-107
992,59,35,-106
1030,57,38,-106
1065,55,41,-103
1099,54,42,-107
1101,53,43,-88
1139,46,49,-91
1182,36,56,-89
1201,27,61,-89
1223,25,61,-107
1271,15,65,-95
1304,5,66,-96
1307,4,66,-101
1347,-5,66,-95
1386,-14,64,-102
1403,-19,63,-86
1436,-23,60,-94
1477,-31,57,-97
1503,-49,52,-89
1504,-50,52,-89
1516,-56,49,-92
1555,-65,46,-97
1597,-69,43,-97
1602,-71,42,-102
1655,-91,33,-99
1691,-100,30,-97
1736,-110,27,-95
1785,-133,22,-109
1874,-160,16,-102
5004,-147,101,-106
5204,-125,98,-104
5303,-115,112,-107
5304,-113,111,-106
