304,146,-3,-103
779,113,-2,-105
905,103,-3,-98
948,101,-3,-108
988,96,-3,-91
1001,94,-3,-95
1031,93,-3,-102
1070,91,-3,-92
1114,88,-3,-91
1141,87,-3,-103
1232,83,-4,-94
1276,82,-5,-102
1304,78,-6,-103
1311,77,-6,-104
1342,76,-6,-107
1377,74,-6,-92
1402,66,-7,-89
1427,66,-8,-93
1475,61,-8,-108
1519,51,-9,-101
1556,50,-9,-96
1592,47,-9,-81
1633,42,-9,-92
1666,40,-9,-86
1707,38,-9,-99
1747,36,-9,-85
1792,34,-10,-83
1803,29,-9,-88
1833,26,-9,-96
1872,23,-9,-85
1915,18,-10,-82
1957,11,-11,-73
2002,3,-12,-77
2043,1,-12,-67
2089,-2,-12,-68
2101,-4,-12,-68
2132,-7,-13,-64
2169,-10,-13,-67
2210,-13,-12,-84
2255,-17,-12,-88
2295,-19,-12,-72
2329,-20,-12,-92
2373,-22,-12,-93
2402,-23,-13,-75
2410,-23,-13,-80
2455,-25,-12,-92
2517,-34,-11,-88
2563,-35,-11,-92
2599,-37,-11,-92
2653,-44,-11,-83
2697,-45,-11,-80
2744,-48,-11,-105
2781,-49,-11,-103
2830,-51,-11,-85
2872,-52,-12,-92
2901,-55,-16,-108
2922,-56,-18,-91
2975,-57,-23,-96
3004,-56,-25,-93
3024,-56,-26,-92
3064,-56,-27,-105
3109,-57,-29,-100
3142,-57,-30,-93
3192,-58,-33,-97
3204,-58,-34,-98
3230,-59,-35,-94
3270,-59,-36,-93
3314,-61,-40,-101
3364,-62,-42,-95
3402,-63,-44,-101
3404,-63,-45,-108
3444,-64,-47,-97
3467,-64,-48,-103
3511,-65,-49,-107
3548,-66,-50,-108
3588,-66,-52,-101
3602,-66,-53,-93
3627,-67,-56,-91
3669,-67,-57,-108
3814,-65,-65,-103
3847,-65,-66,-91
3889,-66,-67,-103
3933,-65,-69,-102
3966,-63,-74,-95
3999,-63,-75,-100
4081,-62,-79,-108
4102,-61,-82,-109
4410,-41,-92,-108
4465,-34,-92,-108
4515,-30,-92,-104
4557,-24,-93,-91
4593,-23,-94,-104
4652,-20,-97,-98
4727,-3,-122,-95
4764,1,-134,-100
4889,1,-142,-109
4966,0,-146,-108
5209,-14,-152,-104
5261,-17,-152,-105
5374,-39,-148,-102
