23,-66,75,-107
63,-66,75,-104
102,-65,75,-92
135,-65,67,-101
202,-60,51,-99
278,-56,41,-95
301,-56,38,-105
320,-54,36,-105
373,-48,30,-91
463,-59,1,-105
501,-62,-6,-99
522,-62,-6,-91
559,-65,-14,-99
599,-73,-32,-97
700,-35,-52,-90
803,2,-52,-105
901,43,-61,-99
904,43,-62,-103
1100,51,-67,-97
1200,36,-76,-100
1201,36,-78,-99
1298,64,-90,-108
1370,72,-92,-103
1403,78,-95,-100
1415,82,-97,-101
1459,87,-100,-97
1540,96,-111,-107
1604,102,-122,-104
1679,120,-135,-108
1792,148,-152,-106
1994,157,-156,-109
2150,159,-158,-105
3400,6,-31,-78
3403,2,-28,-90
3426,1,-27,-73
3573,-13,-14,-85
3624,-19,-7,-86
3682,-23,-3,-81
3713,-26,1,-88
3751,-30,9,-87
3791,-33,14,-81
3803,-34,17,-75
3804,-35,17,-86
3826,-35,18,-92
3868,-37,27,-99
3901,-39,50,-105
3902,-39,51,-101
4102,-42,87,-109
4300,-124,115,-107
4902,-158,151,-107
5203,-158,38,-104
5726,-151,-153,-108
5901,-110,-142,-102
