100,70,63,-105
102,67,62,-94
102,63,61,-99
103,56,58,-93
135,57,59,-97
200,-23,3,-92
201,-25,1,-85
203,-27,0,-70
204,-29,-3,-82
250,-32,-9,-90
301,-50,51,-107
302,-50,57,-95
303,-50,61,-91
368,-18,69,-98
400,-5,5,-66
402,-2,1,-45
403,0,-2,-36
403,0,-2,-36
404,2,-4,-42
436,21,-33,-85
796,-41,-5,-93
800,-42,-3,-88
802,-43,-1,-100
893,-48,11,-89
901,-49,15,-92
902,-49,16,-96
935,-51,31,-103
965,-52,43,-106
1101,-11,10,-60
1103,-13,7,-79
1200,-33,-29,-90
1202,-33,-30,-78
1204,-32,-30,-96
1300,10,-2,-66
1303,10,-1,-56
1403,-48,29,-85
1600,-47,-2,-98
1602,-49,-1,-97
1604,-52,2,-81
1702,-101,-19,-106
1703,-101,-20,-108
1704,-100,-21,-94
1801,-31,-5,-88
1802,-33,-4,-95
1804,-35,-2,-87
1852,-51,3,-98
1904,-74,-7,-101
1909,-74,-8,-106
1952,-79,-16,-105
1992,-83,-34,-106
2028,-79,-37,-107
2063,-72,-37,-93
2102,-62,-36,-98
2102,-62,-36,-100
2134,-55,-32,-98
2172,-51,-23,-104
2201,-50,-18,-88
2215,-51,-16,-97
2258,-54,-10,-90
2301,-61,-4,-93
2301,-61,-4,-91
2303,-62,-2,-103
2336,-80,10,-106
2362,-84,12,-101
2401,-90,14,-100
2401,-90,14,-92
2402,-91,14,-91
2444,-92,6,-105
2474,-77,2,-108
2509,-66,3,-93
2545,-63,3,-99
2585,-56,9,-86
2624,-59,9,-100
2659,-64,4,-84
2701,-63,-1,-98
2702,-62,-1,-92
2735,-61,0,-93
2773,-60,0,-84
2805,-55,-4,-86
2830,-52,-5,-93
2868,-40,-5,-85
2902,-37,-5,-91
2936,-32,-4,-74
2969,-28,-1,-90
3005,-27,1,-77
3043,-26,0,-73
3088,-24,-7,-77
3125,-23,-9,-74
3160,-23,-10,-85
3203,-22,-10,-85
3235,-22,-9,-81
3268,-20,-9,-69
3300,-20,-8,-68
3337,-20,-7,-72
3376,-17,0,-69
3400,-13,5,-70
3405,-13,5,-77
3443,-12,7,-78
3474,-8,12,-77
3513,-8,16,-70
3545,-9,19,-68
3579,-9,23,-81
3610,-8,23,-83
3649,-7,25,-90
3688,-6,28,-88
3703,-6,31,-83
3725,-6,31,-94
3764,-6,33,-83
3802,-9,36,-80
3811,-9,36,-87
3840,-9,37,-83
3887,-10,38,-90
3922,-11,39,-80
3965,-11,40,-82
4002,-11,40,-89
4004,-11,41,-82
4031,-10,42,-88
4072,-10,42,-82
4123,-17,44,-83
4172,-27,47,-99
4213,-45,54,-96
4239,-48,56,-101
4322,-59,61,-109
4356,-64,61,-97
4400,-65,60,-89
4402,-65,59,-109
4446,-68,60,-108
4501,-73,61,-97
4538,-74,61,-101
4577,-77,62,-103
4660,-77,61,-106
4708,-76,61,-100
4742,-75,60,-106
4841,-72,58,-100
4876,-71,57,-105
4906,-71,57,-105
4948,-71,57,-102
5024,-70,55,-109
5060,-73,45,-95
5092,-73,44,-98
5138,-74,44,-108
5174,-74,44,-104
5221,-74,44,-99
5315,-77,49,-108
5394,-74,58,-103
5404,-72,58,-100
5429,-66,54,-97
5477,-65,52,-106
5501,-64,50,-103
5504,-64,49,-104
5526,-64,49,-97
5557,-63,47,-102
5589,-62,46,-98
5603,-61,46,-107
5631,-61,45,-89
5684,-61,48,-104
5738,-62,65,-100
5780,-62,70,-105
5866,-64,72,-108
5899,-64,72,-106
5946,-63,71,-94
5983,-63,72,-97
