426,-49,3,-102
454,-49,3,-84
478,-49,3,-89
504,-47,3,-85
508,-47,3,-99
536,-47,3,-84
571,-47,4,-97
601,-47,5,-94
602,-47,6,-96
609,-47,6,-92
637,-47,7,-86
669,-47,8,-89
703,-47,10,-94
734,-47,11,-97
771,-47,11,-95
798,-47,11,-91
802,-46,11,-94
836,-44,9,-86
873,-43,8,-89
902,-42,7,-91
935,-40,6,-99
973,-38,4,-89
1002,-37,3,-84
1007,-36,3,-83
1048,-34,1,-97
1073,-33,0,-92
1100,-31,-2,-77
1106,-31,-2,-89
1146,-31,-3,-77
1184,-30,-4,-78
1223,-29,-4,-95
1256,-27,-5,-92
1298,-27,-5,-89
1337,-27,-5,-89
1375,-27,-5,-92
1406,-27,-5,-92
1442,-26,-6,-80
1481,-26,-6,-94
1517,-26,-6,-78
1568,-26,-6,-87
1600,-26,-5,-92
1633,-25,-4,-91
1687,-19,-6,-77
1715,-19,-6,-83
1749,-19,-6,-75
1789,-18,-6,-87
1826,-18,-5,-80
1866,-18,-5,-77
1900,-18,-5,-70
1930,-18,-5,-72
1967,-18,-5,-72
2002,-18,-5,-87
2038,-18,-5,-66
2083,-18,-5,-72
2116,-18,-5,-79
2148,-18,-5,-79
2186,-18,-5,-84
2225,-18,-5,-67
2250,-18,-5,-73
2288,-18,-5,-73
2323,-18,-5,-83
2359,-18,-5,-70
2395,-18,-5,-74
2433,-18,-5,-73
2467,-18,-5,-79
2508,-18,-5,-74
2552,-18,-5,-69
2588,-18,-5,-80
2618,-18,-5,-80
2652,-18,-5,-68
2679,-18,-5,-74
2712,-18,-5,-81
2755,-18,-5,-74
2791,-18,-5,-74
2825,-18,-5,-87
2867,-18,-5,-67
2914,-18,-5,-80
2946,-18,-5,-87
2985,-18,-5,-69
3075,-18,-5,-77
3148,-18,-5,-74
3497,-18,-5,-78
3531,-18,-5,-82
3567,-18,-5,-80
3636,-18,-5,-81
3665,-18,-5,-72
3702,-18,-5,-72
3739,-18,-5,-73
3768,-18,-5,-84
3799,-18,-5,-82
3826,-18,-5,-81
3863,-18,-5,-80
3900,-18,-5,-84
3932,-18,-5,-85
3969,-18,-5,-82
3997,-18,-5,-72
4022,-18,-5,-67
4059,-18,-5,-74
4091,-18,-5,-77
4132,-18,-5,-77
4173,-18,-5,-74
5359,-18,-5,-77
5396,-18,-5,-86
5423,-18,-5,-71
5457,-18,-5,-80
5497,-18,-5,-86
5525,-18,-5,-73
5565,-18,-5,-81
5590,-18,-5,-88
5627,-18,-5,-75
5658,-18,-5,-71
5690,-18,-5,-79
5726,-18,-5,-72
5758,-18,-5,-73
5794,-18,-5,-75
5816,-18,-5,-79
5855,-18,-5,-83
5885,-18,-5,-86
5918,-18,-5,-81
