2703,69,75,-101
2801,-61,1,-99
2802,-60,0,-100
2803,-59,-1,-89
2804,-58,-1,-92
2900,-23,44,-92
2902,-22,45,-96
2903,-21,45,-95
2904,-20,46,-82
3245,-62,67,-99
3301,-48,60,-96
3315,-47,60,-101
3368,-41,72,-100
3401,-47,80,-96
3403,-48,81,-104
3403,-48,81,-109
3404,-51,82,-109
3456,-71,87,-108
3513,-80,72,-104
3540,-77,67,-100
3652,-72,70,-93
3684,-70,72,-97
3764,-60,68,-98
3805,-54,64,-104
3839,-58,61,-97
3877,-73,58,-104
4009,-81,79,-106
4048,-74,81,-99
4103,-67,89,-107
4163,-62,92,-106
4197,-56,96,-102
4200,-54,98,-107
4235,-50,100,-105
4269,-45,100,-108
4299,-38,99,-94
4302,-37,99,-108
4332,-28,99,-99
4363,-24,100,-96
4395,-23,101,-103
4400,-24,102,-97
4426,-24,103,-96
4474,-47,118,-104
4508,-50,119,-104
4546,-52,120,-105
4588,-56,122,-107
4600,-56,130,-102
4797,-74,135,-106
4833,-76,134,-101
5040,-83,134,-108
5104,-66,132,-104
5135,-64,131,-104
5172,-57,128,-98
5205,-55,128,-102
5260,-53,131,-108
5305,-52,132,-100
5374,-54,134,-105
5512,-65,131,-104
5556,-81,128,-107
5606,-98,130,-104
5700,-112,131,-107
5725,-113,131,-109
5775,-114,131,-109
5858,-108,131,-105
5903,-90,128,-106
